<?xml version="1.0" encoding="UTF-8"?>
<!-- Generated by org.testng.reporters.JUnitXMLReporter -->
<testsuite ignored="0" hostname="Rajesh" failures="0" tests="1" name="TestChrome" time="110.872" errors="0" timestamp="2023-07-07T12:26:10 IST">
  <testcase classname="com.greentreand.genericutility.BaseClass" name="@AfterMethod logout" time="0.196">
    <failure type="org.openqa.selenium.ElementNotInteractableException" message="Element &amp;lt;a class=&amp;quot;drop_down_usersettings&amp;quot; href=&amp;quot;index.php?module=Users&amp;amp;action=Logout&amp;quot;&amp;gt; could not be scrolled into view
Build info: version: &amp;apos;4.8.3&amp;apos;, revision: &amp;apos;e5e76298c3&amp;apos;
System info: os.name: &amp;apos;Windows 10&amp;apos;, os.arch: &amp;apos;amd64&amp;apos;, os.version: &amp;apos;10.0&amp;apos;, java.version: &amp;apos;17.0.3&amp;apos;
Driver info: org.openqa.selenium.firefox.FirefoxDriver
Command: [5b941e7b-9e4a-4c9b-ab0d-d6407455e8dc, clickElement {id=31c1719b-c8f2-4c02-a173-680f7f7cb744}]
Capabilities {acceptInsecureCerts: true, browserName: firefox, browserVersion: 114.0.2, moz:accessibilityChecks: false, moz:buildID: 20230619081400, moz:debuggerAddress: 127.0.0.1:24624, moz:geckodriverVersion: 0.33.0, moz:headless: false, moz:platformVersion: 10.0, moz:processID: 9916, moz:profile: C:\Users\LENOVO\AppData\Loc..., moz:shutdownTimeout: 60000, moz:useNonSpecCompliantPointerOrigin: false, moz:webdriverClick: true, moz:windowless: false, pageLoadStrategy: normal, platformName: WINDOWS, proxy: Proxy(), se:cdp: ws://127.0.0.1:24624/devtoo..., se:cdpVersion: 85.0, setWindowRect: true, strictFileInteractability: false, timeouts: {implicit: 0, pageLoad: 300000, script: 30000}, unhandledPromptBehavior: dismiss and notify}
Element: [[FirefoxDriver: firefox on WINDOWS (5b941e7b-9e4a-4c9b-ab0d-d6407455e8dc)] -&amp;gt; xpath: //a[.=&amp;apos;Sign Out&amp;apos;]]
Session ID: 5b941e7b-9e4a-4c9b-ab0d-d6407455e8dc">
      <![CDATA[org.openqa.selenium.ElementNotInteractableException: Element <a class="drop_down_usersettings" href="index.php?module=Users&action=Logout"> could not be scrolled into view
Build info: version: '4.8.3', revision: 'e5e76298c3'
System info: os.name: 'Windows 10', os.arch: 'amd64', os.version: '10.0', java.version: '17.0.3'
Driver info: org.openqa.selenium.firefox.FirefoxDriver
Command: [5b941e7b-9e4a-4c9b-ab0d-d6407455e8dc, clickElement {id=31c1719b-c8f2-4c02-a173-680f7f7cb744}]
Capabilities {acceptInsecureCerts: true, browserName: firefox, browserVersion: 114.0.2, moz:accessibilityChecks: false, moz:buildID: 20230619081400, moz:debuggerAddress: 127.0.0.1:24624, moz:geckodriverVersion: 0.33.0, moz:headless: false, moz:platformVersion: 10.0, moz:processID: 9916, moz:profile: C:\Users\LENOVO\AppData\Loc..., moz:shutdownTimeout: 60000, moz:useNonSpecCompliantPointerOrigin: false, moz:webdriverClick: true, moz:windowless: false, pageLoadStrategy: normal, platformName: WINDOWS, proxy: Proxy(), se:cdp: ws://127.0.0.1:24624/devtoo..., se:cdpVersion: 85.0, setWindowRect: true, strictFileInteractability: false, timeouts: {implicit: 0, pageLoad: 300000, script: 30000}, unhandledPromptBehavior: dismiss and notify}
Element: [[FirefoxDriver: firefox on WINDOWS (5b941e7b-9e4a-4c9b-ab0d-d6407455e8dc)] -> xpath: //a[.='Sign Out']]
Session ID: 5b941e7b-9e4a-4c9b-ab0d-d6407455e8dc
at org.openqa.selenium.remote.codec.w3c.W3CHttpResponseCodec.createException(W3CHttpResponseCodec.java:200)
at org.openqa.selenium.remote.codec.w3c.W3CHttpResponseCodec.decode(W3CHttpResponseCodec.java:133)
at org.openqa.selenium.remote.codec.w3c.W3CHttpResponseCodec.decode(W3CHttpResponseCodec.java:53)
at org.openqa.selenium.remote.HttpCommandExecutor.execute(HttpCommandExecutor.java:193)
at org.openqa.selenium.remote.service.DriverCommandExecutor.invokeExecute(DriverCommandExecutor.java:183)
at org.openqa.selenium.remote.service.DriverCommandExecutor.execute(DriverCommandExecutor.java:158)
at org.openqa.selenium.remote.RemoteWebDriver.execute(RemoteWebDriver.java:543)
at org.openqa.selenium.remote.RemoteWebElement.execute(RemoteWebElement.java:257)
at org.openqa.selenium.remote.RemoteWebElement.click(RemoteWebElement.java:78)
at org.openqa.selenium.support.pagefactory.internal.LocatingElementHandler.invoke(LocatingElementHandler.java:52)
at jdk.proxy2/jdk.proxy2.$Proxy21.click(Unknown Source)
at com.greentrend.objectrepository.HomePage.signOut(HomePage.java:131)
at com.greentreand.genericutility.BaseClass.logout(BaseClass.java:93)
at java.base/java.util.ArrayList.forEach(ArrayList.java:1511)
at java.base/java.util.concurrent.FutureTask.run(FutureTask.java:264)
at java.base/java.util.concurrent.ThreadPoolExecutor.runWorker(ThreadPoolExecutor.java:1136)
at java.base/java.util.concurrent.ThreadPoolExecutor$Worker.run(ThreadPoolExecutor.java:635)
at java.base/java.lang.Thread.run(Thread.java:833)
... Removed 30 stack frames]]>
    </failure>
  </testcase> <!-- @AfterMethod logout -->
  <testcase classname="com.greentreand.genericutility.BaseClass" name="@AfterClass closeBrowser" time="0.0">
    <skipped/>
  </testcase> <!-- @AfterClass closeBrowser -->
  <testcase classname="greentrade.crm.baseclass.CreateNewOpportunity" name="verifyopportunityCreation" time="94.36"/>
</testsuite> <!-- TestChrome -->
